  [1m[36m (1.9ms)[0m  [1mCREATE TABLE "schema_migrations" ("version" varchar(255) NOT NULL) [0m
  [1m[35m (1.3ms)[0m  CREATE UNIQUE INDEX "unique_schema_migrations" ON "schema_migrations" ("version")
  [1m[36mActiveRecord::SchemaMigration Load (0.1ms)[0m  [1mSELECT "schema_migrations".* FROM "schema_migrations"[0m
Migrating to CreateUsers (20150612232402)
  [1m[36mActiveRecord::SchemaMigration Load (0.1ms)[0m  [1mSELECT "schema_migrations".* FROM "schema_migrations"[0m
Migrating to CreateUsers (20150612232402)
  [1m[35m (0.0ms)[0m  begin transaction
  [1m[36m (0.1ms)[0m  [1mrollback transaction[0m
  [1m[36mActiveRecord::SchemaMigration Load (0.1ms)[0m  [1mSELECT "schema_migrations".* FROM "schema_migrations"[0m
Migrating to CreateUsers (20150612232402)
  [1m[35m (0.0ms)[0m  begin transaction
  [1m[36m (0.0ms)[0m  [1mrollback transaction[0m
  [1m[36mActiveRecord::SchemaMigration Load (0.1ms)[0m  [1mSELECT "schema_migrations".* FROM "schema_migrations"[0m
Migrating to CreateUsers (20150612232402)
  [1m[35m (0.0ms)[0m  begin transaction
  [1m[36m (0.0ms)[0m  [1mrollback transaction[0m
  [1m[36mActiveRecord::SchemaMigration Load (0.1ms)[0m  [1mSELECT "schema_migrations".* FROM "schema_migrations"[0m
Migrating to CreateUsers (20150612232402)
  [1m[35m (0.0ms)[0m  begin transaction
  [1m[36m (0.4ms)[0m  [1mCREATE TABLE "users" ("id" INTEGER PRIMARY KEY AUTOINCREMENT NOT NULL, "fname" varchar(255), "lname" varchar(255), "email" varchar(255), "username" varchar(255), "password_digest" varchar(255), "created_at" datetime, "updated_at" datetime) [0m
  [1m[35mSQL (0.1ms)[0m  INSERT INTO "schema_migrations" ("version") VALUES (?)  [["version", "20150612232402"]]
  [1m[36m (1.5ms)[0m  [1mcommit transaction[0m
Migrating to CreateDevices (20150613012006)
  [1m[35m (0.1ms)[0m  begin transaction
  [1m[36m (0.5ms)[0m  [1mCREATE TABLE "devices" ("id" INTEGER PRIMARY KEY AUTOINCREMENT NOT NULL, "uuid" varchar(255), "users_id" integer, "description" varchar(255), "created_at" datetime, "updated_at" datetime) [0m
  [1m[35m (0.1ms)[0m  CREATE INDEX "index_devices_on_users_id" ON "devices" ("users_id")
  [1m[36mSQL (0.1ms)[0m  [1mINSERT INTO "schema_migrations" ("version") VALUES (?)[0m  [["version", "20150613012006"]]
  [1m[35m (0.7ms)[0m  commit transaction
Migrating to CreateApiKeys (20150613012212)
  [1m[36m (0.0ms)[0m  [1mbegin transaction[0m
  [1m[35m (0.4ms)[0m  CREATE TABLE "api_keys" ("id" INTEGER PRIMARY KEY AUTOINCREMENT NOT NULL, "access_token" varchar(255), "description" varchar(255), "created_at" datetime, "updated_at" datetime) 
  [1m[36mSQL (0.1ms)[0m  [1mINSERT INTO "schema_migrations" ("version") VALUES (?)[0m  [["version", "20150613012212"]]
  [1m[35m (0.7ms)[0m  commit transaction
  [1m[36mActiveRecord::SchemaMigration Load (0.1ms)[0m  [1mSELECT "schema_migrations".* FROM "schema_migrations"[0m
  [1m[36mActiveRecord::SchemaMigration Load (0.4ms)[0m  [1mSELECT "schema_migrations".* FROM "schema_migrations"[0m
  [1m[35mActiveRecord::SchemaMigration Load (0.1ms)[0m  SELECT "schema_migrations".* FROM "schema_migrations"
  [1m[36mActiveRecord::SchemaMigration Load (0.5ms)[0m  [1mSELECT "schema_migrations".* FROM "schema_migrations"[0m
Migrating to CreateTags (20150615183916)
  [1m[35m (0.1ms)[0m  begin transaction
  [1m[36m (0.3ms)[0m  [1mCREATE TABLE "tags" ("id" INTEGER PRIMARY KEY AUTOINCREMENT NOT NULL, "created_at" datetime, "updated_at" datetime) [0m
  [1m[35mSQL (0.2ms)[0m  INSERT INTO "schema_migrations" ("version") VALUES (?)  [["version", "20150615183916"]]
  [1m[36m (0.8ms)[0m  [1mcommit transaction[0m
  [1m[35mActiveRecord::SchemaMigration Load (0.1ms)[0m  SELECT "schema_migrations".* FROM "schema_migrations"
  [1m[36m (0.4ms)[0m  [1mSELECT COUNT(*) FROM "users"[0m
  [1m[36m (0.4ms)[0m  [1mSELECT COUNT(*) FROM "users"[0m


Started GET "/users/new" for 127.0.0.1 at 2015-06-19 16:11:53 -0700
  [1m[36mActiveRecord::SchemaMigration Load (0.5ms)[0m  [1mSELECT "schema_migrations".* FROM "schema_migrations"[0m
Processing by UsersController#new as HTML
  Rendered users/new.html.erb within layouts/application (6.9ms)
Completed 200 OK in 1050ms (Views: 1039.8ms | ActiveRecord: 0.0ms)


Started GET "/assets/application.css?body=1" for 127.0.0.1 at 2015-06-19 16:11:54 -0700


Started GET "/assets/jquery.js?body=1" for 127.0.0.1 at 2015-06-19 16:11:54 -0700


Started GET "/assets/jquery_ujs.js?body=1" for 127.0.0.1 at 2015-06-19 16:11:54 -0700


Started GET "/assets/users.css?body=1" for 127.0.0.1 at 2015-06-19 16:11:54 -0700


Started GET "/assets/users.js?body=1" for 127.0.0.1 at 2015-06-19 16:11:54 -0700


Started GET "/assets/turbolinks.js?body=1" for 127.0.0.1 at 2015-06-19 16:11:54 -0700


Started GET "/assets/application.js?body=1" for 127.0.0.1 at 2015-06-19 16:11:54 -0700


Started POST "/users" for 127.0.0.1 at 2015-06-19 16:12:45 -0700
Processing by UsersController#create as HTML
  Parameters: {"utf8"=>"✓", "authenticity_token"=>"01SeFyBjz59y04LmAtG+cak9SY2L+9xCWYqvbZ3o9SA=", "user"=>{"fname"=>"Dave", "lname"=>"Latham", "email"=>"dave.latham@gmail.com", "password"=>"[FILTERED]", "password_confirmation"=>"[FILTERED]"}, "commit"=>"Submit"}
Completed 500 Internal Server Error in 1ms

NameError (uninitialized constant UsersController::User):
  app/controllers/users_controller.rb:6:in `create'


  Rendered /Users/dlatham/.rvm/gems/ruby-2.2.2/gems/actionpack-4.0.3/lib/action_dispatch/middleware/templates/rescues/_source.erb (0.9ms)
  Rendered /Users/dlatham/.rvm/gems/ruby-2.2.2/gems/actionpack-4.0.3/lib/action_dispatch/middleware/templates/rescues/_trace.erb (1.7ms)
  Rendered /Users/dlatham/.rvm/gems/ruby-2.2.2/gems/actionpack-4.0.3/lib/action_dispatch/middleware/templates/rescues/_request_and_response.erb (0.9ms)
  Rendered /Users/dlatham/.rvm/gems/ruby-2.2.2/gems/actionpack-4.0.3/lib/action_dispatch/middleware/templates/rescues/diagnostics.erb within rescues/layout (40.9ms)


Started GET "/users/new" for 127.0.0.1 at 2015-06-19 16:13:54 -0700
Processing by UsersController#new as HTML
  Rendered users/new.html.erb within layouts/application (1.2ms)
Completed 200 OK in 8ms (Views: 7.2ms | ActiveRecord: 0.0ms)


Started GET "/assets/jquery_ujs.js?body=1" for 127.0.0.1 at 2015-06-19 16:13:54 -0700


Started GET "/assets/application.css?body=1" for 127.0.0.1 at 2015-06-19 16:13:54 -0700


Started GET "/assets/jquery.js?body=1" for 127.0.0.1 at 2015-06-19 16:13:54 -0700


Started GET "/assets/users.css?body=1" for 127.0.0.1 at 2015-06-19 16:13:54 -0700


Started GET "/assets/turbolinks.js?body=1" for 127.0.0.1 at 2015-06-19 16:13:54 -0700


Started GET "/assets/users.js?body=1" for 127.0.0.1 at 2015-06-19 16:13:54 -0700


Started GET "/assets/application.js?body=1" for 127.0.0.1 at 2015-06-19 16:13:54 -0700


Started POST "/users" for 127.0.0.1 at 2015-06-19 16:14:12 -0700
Processing by UsersController#create as HTML
  Parameters: {"utf8"=>"✓", "authenticity_token"=>"01SeFyBjz59y04LmAtG+cak9SY2L+9xCWYqvbZ3o9SA=", "user"=>{"fname"=>"Dave", "lname"=>"Latham", "email"=>"dave.latham@gmail.com", "password"=>"[FILTERED]", "password_confirmation"=>"[FILTERED]"}, "commit"=>"Submit"}
Completed 500 Internal Server Error in 2ms

Gem::LoadError (bcrypt-ruby is not part of the bundle. Add it to Gemfile.):
  app/models/users.rb:2:in `<class:Users>'
  app/models/users.rb:1:in `<top (required)>'
  app/controllers/users_controller.rb:6:in `create'


  Rendered /Users/dlatham/.rvm/gems/ruby-2.2.2/gems/actionpack-4.0.3/lib/action_dispatch/middleware/templates/rescues/_source.erb (0.6ms)
  Rendered /Users/dlatham/.rvm/gems/ruby-2.2.2/gems/actionpack-4.0.3/lib/action_dispatch/middleware/templates/rescues/_trace.erb (1.5ms)
  Rendered /Users/dlatham/.rvm/gems/ruby-2.2.2/gems/actionpack-4.0.3/lib/action_dispatch/middleware/templates/rescues/_request_and_response.erb (1.3ms)
  Rendered /Users/dlatham/.rvm/gems/ruby-2.2.2/gems/actionpack-4.0.3/lib/action_dispatch/middleware/templates/rescues/diagnostics.erb within rescues/layout (35.8ms)


Started POST "/users" for 127.0.0.1 at 2015-06-19 16:15:21 -0700
  [1m[36mActiveRecord::SchemaMigration Load (0.1ms)[0m  [1mSELECT "schema_migrations".* FROM "schema_migrations"[0m
Processing by UsersController#create as HTML
  Parameters: {"utf8"=>"✓", "authenticity_token"=>"01SeFyBjz59y04LmAtG+cak9SY2L+9xCWYqvbZ3o9SA=", "user"=>{"fname"=>"Dave", "lname"=>"Latham", "email"=>"dave.latham@gmail.com", "password"=>"[FILTERED]", "password_confirmation"=>"[FILTERED]"}, "commit"=>"Submit"}
  [1m[35m (0.1ms)[0m  begin transaction
Binary data inserted for `string` type on column `password_digest`
  [1m[36mSQL (5.0ms)[0m  [1mINSERT INTO "users" ("created_at", "email", "fname", "lname", "password_digest", "updated_at") VALUES (?, ?, ?, ?, ?, ?)[0m  [["created_at", Fri, 19 Jun 2015 23:15:21 UTC +00:00], ["email", "dave.latham@gmail.com"], ["fname", "Dave"], ["lname", "Latham"], ["password_digest", "$2a$10$l0V2YjQFu/X79fJ4JqM4EeLlPHLt0AF3lwjW72C1OGZ0b2gBcKgbW"], ["updated_at", Fri, 19 Jun 2015 23:15:21 UTC +00:00]]
  [1m[35m (0.6ms)[0m  commit transaction
Redirected to http://localhost:3000/
Completed 302 Found in 97ms (ActiveRecord: 6.0ms)


Started GET "/" for 127.0.0.1 at 2015-06-19 16:15:21 -0700
Processing by Rails::WelcomeController#index as HTML
  Rendered /Users/dlatham/.rvm/gems/ruby-2.2.2/gems/railties-4.0.3/lib/rails/templates/rails/welcome/index.html.erb (1.1ms)
Completed 200 OK in 8ms (Views: 7.6ms | ActiveRecord: 0.0ms)
  [1m[36m (0.1ms)[0m  [1mSELECT COUNT(*) FROM "users"[0m


Started GET "/users/1" for 127.0.0.1 at 2015-06-19 16:32:21 -0700
  [1m[36mActiveRecord::SchemaMigration Load (0.1ms)[0m  [1mSELECT "schema_migrations".* FROM "schema_migrations"[0m
Processing by UsersController#show as HTML
  Parameters: {"id"=>"1"}
  [1m[35mUsers Load (0.2ms)[0m  SELECT "users".* FROM "users" WHERE "users"."id" = ? LIMIT 1  [["id", "1"]]
Completed 200 OK in 31ms (Views: 2.7ms | ActiveRecord: 0.7ms)
  [1m[36m (0.4ms)[0m  [1mSELECT COUNT(*) FROM "tags"[0m
  [1m[36mActiveRecord::SchemaMigration Load (0.4ms)[0m  [1mSELECT "schema_migrations".* FROM "schema_migrations"[0m
  [1m[35mActiveRecord::SchemaMigration Load (0.1ms)[0m  SELECT "schema_migrations".* FROM "schema_migrations"
  [1m[36m (0.1ms)[0m  [1mSELECT COUNT(*) FROM "tags"[0m
  [1m[36m (1.6ms)[0m  [1mCREATE TABLE "schema_migrations" ("version" varchar(255) NOT NULL) [0m
  [1m[35m (0.9ms)[0m  CREATE UNIQUE INDEX "unique_schema_migrations" ON "schema_migrations" ("version")
  [1m[36mActiveRecord::SchemaMigration Load (0.1ms)[0m  [1mSELECT "schema_migrations".* FROM "schema_migrations"[0m
Migrating to CreateUsers (20150612232402)
  [1m[35m (0.1ms)[0m  begin transaction
  [1m[36m (0.3ms)[0m  [1mCREATE TABLE "users" ("id" INTEGER PRIMARY KEY AUTOINCREMENT NOT NULL, "fname" varchar(255), "lname" varchar(255), "email" varchar(255), "username" varchar(255), "password_digest" varchar(255), "created_at" datetime, "updated_at" datetime) [0m
  [1m[35mSQL (0.1ms)[0m  INSERT INTO "schema_migrations" ("version") VALUES (?)  [["version", "20150612232402"]]
  [1m[36m (0.7ms)[0m  [1mcommit transaction[0m
Migrating to CreateDevices (20150613012006)
  [1m[35m (0.0ms)[0m  begin transaction
  [1m[36m (0.3ms)[0m  [1mCREATE TABLE "devices" ("id" INTEGER PRIMARY KEY AUTOINCREMENT NOT NULL, "uuid" varchar(255), "users_id" integer, "description" varchar(255), "created_at" datetime, "updated_at" datetime) [0m
  [1m[35m (0.1ms)[0m  CREATE INDEX "index_devices_on_users_id" ON "devices" ("users_id")
  [1m[36mSQL (0.1ms)[0m  [1mINSERT INTO "schema_migrations" ("version") VALUES (?)[0m  [["version", "20150613012006"]]
  [1m[35m (0.7ms)[0m  commit transaction
Migrating to CreateApiKeys (20150613012212)
  [1m[36m (0.0ms)[0m  [1mbegin transaction[0m
  [1m[35m (0.3ms)[0m  CREATE TABLE "api_keys" ("id" INTEGER PRIMARY KEY AUTOINCREMENT NOT NULL, "access_token" varchar(255), "description" varchar(255), "created_at" datetime, "updated_at" datetime) 
  [1m[36mSQL (0.1ms)[0m  [1mINSERT INTO "schema_migrations" ("version") VALUES (?)[0m  [["version", "20150613012212"]]
  [1m[35m (0.7ms)[0m  commit transaction
Migrating to CreateTags (20150615183916)
  [1m[36m (0.0ms)[0m  [1mbegin transaction[0m
  [1m[35m (0.4ms)[0m  CREATE TABLE "tags" ("id" INTEGER PRIMARY KEY AUTOINCREMENT NOT NULL, "uuid" varchar(255), "users_id" integer, "description" varchar(255), "created_at" datetime, "updated_at" datetime) 
  [1m[36m (0.1ms)[0m  [1mCREATE INDEX "index_tags_on_users_id" ON "tags" ("users_id")[0m
  [1m[35mSQL (0.1ms)[0m  INSERT INTO "schema_migrations" ("version") VALUES (?)  [["version", "20150615183916"]]
  [1m[36m (0.7ms)[0m  [1mcommit transaction[0m
  [1m[35mActiveRecord::SchemaMigration Load (0.1ms)[0m  SELECT "schema_migrations".* FROM "schema_migrations"
